C51 COMPILER V9.57.0.0   0_24                                                              03/19/2020 16:59:50 PAGE 1   


C51 COMPILER V9.57.0.0, COMPILATION OF MODULE 0_24
OBJECT MODULE PLACED IN .\Objects\0~24.obj
COMPILER INVOKED BY: D:\KEIL_C51\C51\BIN\C51.EXE 0~24.c OPTIMIZE(8,SPEED) BROWSE DEBUG OBJECTEXTEND PRINT(.\Listings\0~2
                    -4.lst) TABS(2) OBJECT(.\Objects\0~24.obj)

line level    source

   1          #include<reg52.h>
   2          #define uchar unsigned char
   3          #define uint unsigned int
   4          uchar a,b,miao,fen,shige,shishi,num,num1,num2,num3,num4,diange,dianshi;
   5          uint i;
   6          sbit weixuan=P2^7;
   7          sbit duanxuan=P2^6;
   8          sbit dian=P0^7;
   9          uchar code shuzu[]={0x3f,0x06,0x5b,0x4f,0x66,0x6d,0x7d,0x07,0x7f,0x6f};
  10          uchar code shuzu1[]={0xff,0xfe,0xfc,0xf8,0xf0,0xe0,0xc0,0x80,0x00};
  11          void delay(uint i)
  12          {
  13   1        uchar j;
  14   1        while(i--)
  15   1        {
  16   2          for(j=0;j<115;j++);
  17   2        }
  18   1      
  19   1      }
  20          void liushui()
  21          {
  22   1        if(a<9)
  23   1        {
  24   2        P1=shuzu1[a];
  25   2        a++;
  26   2        }
  27   1        if(a>=9)
  28   1        {
  29   2          b--;
  30   2          P1=shuzu1[b];
  31   2          if(b==1)
  32   2          {
  33   3            a=0;
  34   3            b=9;
  35   3          }
  36   2        }
  37   1      }
  38          void display(miao,fen,shige,shishi,diange,dianshi)
  39          {
  40   1        P0=0x7f;
  41   1        weixuan=1;
  42   1        weixuan=0;
  43   1        P0=shuzu[miao];
  44   1        duanxuan=1;
  45   1        delay(1);
  46   1        P0=0x00;
  47   1        duanxuan=0;
  48   1        
  49   1        
  50   1        
  51   1        P0=0xbf;
  52   1        weixuan=1;
  53   1        weixuan=0;
  54   1        P0=shuzu[fen];
C51 COMPILER V9.57.0.0   0_24                                                              03/19/2020 16:59:50 PAGE 2   

  55   1        duanxuan=1;
  56   1        delay(1);
  57   1        P0=0x00;
  58   1        duanxuan=0;
  59   1      
  60   1        
  61   1        
  62   1        P0=0xdf;
  63   1        weixuan=1;
  64   1        weixuan=0;
  65   1        P0=shuzu[shige];
  66   1        dian=1;
  67   1        duanxuan=1;
  68   1        delay(1);
  69   1        P0=0x00;
  70   1        duanxuan=0;
  71   1      
  72   1        
  73   1        
  74   1        P0=0xef;
  75   1        weixuan=1;
  76   1        weixuan=0;
  77   1        P0=shuzu[shishi];
  78   1        duanxuan=1;
  79   1        delay(1);
  80   1        P0=0x00;
  81   1        duanxuan=0;
  82   1      
  83   1        
  84   1        
  85   1        P0=0xf7;
  86   1        weixuan=1;
  87   1        weixuan=0;
  88   1        P0=shuzu[diange];
  89   1        dian=1;
  90   1        duanxuan=1;
  91   1        delay(1);
  92   1        P0=0x00;
  93   1        duanxuan=0;
  94   1      
  95   1        
  96   1        
  97   1        P0=0xfb;
  98   1        weixuan=1;
  99   1        weixuan=0;
 100   1        P0=shuzu[dianshi];
 101   1        duanxuan=1;
 102   1        delay(1);
 103   1        P0=0x00;
 104   1        duanxuan=0;
 105   1      
 106   1        
 107   1      }
 108          void main()
 109          {
 110   1        TMOD=0x11;
 111   1        TH0=(65536-45872)/256;
 112   1        TL0=(65536-45872)%256;
 113   1        TH1=(65536-45872)/256;
 114   1        TL1=(65536-45872)%256;
 115   1        EA=1;
 116   1        ET0=1;
C51 COMPILER V9.57.0.0   0_24                                                              03/19/2020 16:59:50 PAGE 3   

 117   1        ET1=1;
 118   1        TR0=1;
 119   1        TR1=1;
 120   1        num=0;
 121   1        num1=0;
 122   1        num2=0;
 123   1        num3=0;
 124   1        a=1;
 125   1        b=9;
 126   1        while(1)
 127   1        {
 128   2        if(num==20)
 129   2        {
 130   3          num=0;
 131   3          num1++;
 132   3        }
 133   2        if(num1==60)
 134   2        {
 135   3          num1=0;
 136   3          num2++;
 137   3        }
 138   2        if(num2==60)
 139   2        {
 140   3          num2=0;
 141   3          num3++;
 142   3        }
 143   2        if(num3==24)
 144   2        {
 145   3          num3=0;
 146   3        }
 147   2        dianshi=num3/10;
 148   2        diange=num3%10;
 149   2        shishi=num2/10;
 150   2        shige=num2%10;
 151   2        fen=num1/10;
 152   2        miao=num1%10;
 153   2        display(miao,fen,shige,shishi,diange,dianshi);
 154   2        if(num4==20)
 155   2        {
 156   3          liushui();
 157   3          num4=0;
 158   3        }
 159   2        }
 160   1      }
 161          void dingshi() interrupt 1
 162          {
 163   1        TH0=(65536-45872)/256;
 164   1        TL0=(65536-45872)%256;
 165   1        num++;
 166   1      }
 167          void dingshi1() interrupt 3
 168          {
 169   1        TH1=(65536-45872)/256;
 170   1        TL1=(65536-45872)%256;
 171   1        num4++;
 172   1      }


MODULE INFORMATION:   STATIC OVERLAYABLE
   CODE SIZE        =    454    ----
   CONSTANT SIZE    =     19    ----
   XDATA SIZE       =   ----    ----
C51 COMPILER V9.57.0.0   0_24                                                              03/19/2020 16:59:50 PAGE 4   

   PDATA SIZE       =   ----    ----
   DATA SIZE        =     15      12
   IDATA SIZE       =   ----    ----
   BIT SIZE         =   ----    ----
END OF MODULE INFORMATION.


C51 COMPILATION COMPLETE.  0 WARNING(S),  0 ERROR(S)
