C51 COMPILER V9.59.0.0   LCD_INIT                                                          07/26/2022 11:58:31 PAGE 1   


C51 COMPILER V9.59.0.0, COMPILATION OF MODULE LCD_INIT
OBJECT MODULE PLACED IN .\Objects\lcd_init.obj
COMPILER INVOKED BY: G:\MDK\C51\BIN\C51.EXE lcd_init.c LARGE OPTIMIZE(8,SPEED) BROWSE DEBUG OBJECTEXTEND PRINT(.\Listing
                    -s\lcd_init.lst) TABS(2) OBJECT(.\Objects\lcd_init.obj)

line level    source

   1          #include "lcd_init.h"
   2          
   3          //不准确延时函数
   4          void delay_ms(unsigned int ms)
   5          {                         
   6   1        unsigned int a;
   7   1        while(ms)
   8   1        {
   9   2          a=1800;
  10   2          while(a--);
  11   2          ms--;
  12   2        }
  13   1      }
  14          
  15          
  16          /******************************************************************************
  17                函数说明：LCD串行数据写入函数
  18                入口数据：dat  要写入的串行数据
  19                返回值：  无
  20          ******************************************************************************/
  21          void LCD_Writ_Bus(u8 dat) 
  22          { 
  23   1        u8 i;
  24   1        LCD_CS_Clr();
  25   1        for(i=0;i<8;i++)
  26   1        {       
  27   2          LCD_SCLK_Clr();
  28   2          if(dat&0x80)
  29   2          {
  30   3             LCD_MOSI_Set();
  31   3          }
  32   2          else
  33   2          {
  34   3             LCD_MOSI_Clr();
  35   3          }
  36   2          LCD_SCLK_Set();
  37   2          dat<<=1;
  38   2        } 
  39   1        LCD_CS_Set(); 
  40   1      }
  41          
  42          
  43          /******************************************************************************
  44                函数说明：LCD写入数据
  45                入口数据：dat 写入的数据
  46                返回值：  无
  47          ******************************************************************************/
  48          void LCD_WR_DATA8(u8 dat)
  49          {
  50   1        LCD_Writ_Bus(dat);
  51   1      }
  52          
  53          
  54          /******************************************************************************
C51 COMPILER V9.59.0.0   LCD_INIT                                                          07/26/2022 11:58:31 PAGE 2   

  55                函数说明：LCD写入数据
  56                入口数据：dat 写入的数据
  57                返回值：  无
  58          ******************************************************************************/
  59          void LCD_WR_DATA(u16 dat)
  60          {
  61   1        LCD_Writ_Bus(dat>>8);
  62   1        LCD_Writ_Bus(dat);
  63   1      }
  64          
  65          
  66          /******************************************************************************
  67                函数说明：LCD写入命令
  68                入口数据：dat 写入的命令
  69                返回值：  无
  70          ******************************************************************************/
  71          void LCD_WR_REG(u8 dat)
  72          {
  73   1        LCD_DC_Clr();//写命令
  74   1        LCD_Writ_Bus(dat);
  75   1        LCD_DC_Set();//写数据
  76   1      }
  77          
  78          
  79          /******************************************************************************
  80                函数说明：设置起始和结束地址
  81                入口数据：x1,x2 设置列的起始和结束地址
  82                          y1,y2 设置行的起始和结束地址
  83                返回值：  无
  84          ******************************************************************************/
  85          void LCD_Address_Set(u16 x1,u16 y1,u16 x2,u16 y2)
  86          {
  87   1          LCD_WR_REG(0x2a);//列地址设置
  88   1          LCD_WR_DATA(x1);
  89   1          LCD_WR_DATA(x2);
  90   1          LCD_WR_REG(0x2b);//行地址设置
  91   1          LCD_WR_DATA(y1);
  92   1          LCD_WR_DATA(y2);
  93   1          LCD_WR_REG(0x2c);//储存器写
  94   1      }
  95          
  96          
  97          /******************************************************************************
  98                函数说明：LCD初始化函数
  99                入口数据：无
 100                返回值：  无
 101          ******************************************************************************/
 102          void Lcd_Init(void)
 103          {
 104   1        LCD_RES_Clr();
 105   1        delay_ms(100);
 106   1        LCD_RES_Set();
 107   1        delay_ms(100);
 108   1        LCD_BLK_Set();
 109   1        delay_ms(100);
 110   1        
 111   1        LCD_WR_REG(0xEF);
 112   1        LCD_WR_REG(0xEB);
 113   1        LCD_WR_DATA8(0x14); 
 114   1        
 115   1        LCD_WR_REG(0xFE);      
 116   1        LCD_WR_REG(0xEF); 
C51 COMPILER V9.59.0.0   LCD_INIT                                                          07/26/2022 11:58:31 PAGE 3   

 117   1      
 118   1        LCD_WR_REG(0xEB); 
 119   1        LCD_WR_DATA8(0x14); 
 120   1      
 121   1        LCD_WR_REG(0x84);     
 122   1        LCD_WR_DATA8(0x40); 
 123   1      
 124   1        LCD_WR_REG(0x85);     
 125   1        LCD_WR_DATA8(0xFF); 
 126   1      
 127   1        LCD_WR_REG(0x86);     
 128   1        LCD_WR_DATA8(0xFF); 
 129   1      
 130   1        LCD_WR_REG(0x87);     
 131   1        LCD_WR_DATA8(0xFF);
 132   1      
 133   1        LCD_WR_REG(0x88);     
 134   1        LCD_WR_DATA8(0x0A);
 135   1      
 136   1        LCD_WR_REG(0x89);     
 137   1        LCD_WR_DATA8(0x21); 
 138   1      
 139   1        LCD_WR_REG(0x8A);     
 140   1        LCD_WR_DATA8(0x00); 
 141   1      
 142   1        LCD_WR_REG(0x8B);     
 143   1        LCD_WR_DATA8(0x80); 
 144   1      
 145   1        LCD_WR_REG(0x8C);     
 146   1        LCD_WR_DATA8(0x01); 
 147   1      
 148   1        LCD_WR_REG(0x8D);     
 149   1        LCD_WR_DATA8(0x01); 
 150   1      
 151   1        LCD_WR_REG(0x8E);     
 152   1        LCD_WR_DATA8(0xFF); 
 153   1      
 154   1        LCD_WR_REG(0x8F);     
 155   1        LCD_WR_DATA8(0xFF); 
 156   1      
 157   1      
 158   1        LCD_WR_REG(0xB6);
 159   1        LCD_WR_DATA8(0x00);
 160   1        LCD_WR_DATA8(0x20);
 161   1      
 162   1        LCD_WR_REG(0x36);
 163   1        if(USE_HORIZONTAL==0)LCD_WR_DATA8(0x08);
 164   1        else if(USE_HORIZONTAL==1)LCD_WR_DATA8(0xC8);
 165   1        else if(USE_HORIZONTAL==2)LCD_WR_DATA8(0x68);
 166   1        else LCD_WR_DATA8(0xA8);
 167   1      
 168   1        LCD_WR_REG(0x3A);     
 169   1        LCD_WR_DATA8(0x05); 
 170   1      
 171   1      
 172   1        LCD_WR_REG(0x90);     
 173   1        LCD_WR_DATA8(0x08);
 174   1        LCD_WR_DATA8(0x08);
 175   1        LCD_WR_DATA8(0x08);
 176   1        LCD_WR_DATA8(0x08); 
 177   1      
 178   1        LCD_WR_REG(0xBD);     
C51 COMPILER V9.59.0.0   LCD_INIT                                                          07/26/2022 11:58:31 PAGE 4   

 179   1        LCD_WR_DATA8(0x06);
 180   1        
 181   1        LCD_WR_REG(0xBC);     
 182   1        LCD_WR_DATA8(0x00); 
 183   1      
 184   1        LCD_WR_REG(0xFF);     
 185   1        LCD_WR_DATA8(0x60);
 186   1        LCD_WR_DATA8(0x01);
 187   1        LCD_WR_DATA8(0x04);
 188   1      
 189   1        LCD_WR_REG(0xC3);     
 190   1        LCD_WR_DATA8(0x13);
 191   1        LCD_WR_REG(0xC4);     
 192   1        LCD_WR_DATA8(0x13);
 193   1      
 194   1        LCD_WR_REG(0xC9);     
 195   1        LCD_WR_DATA8(0x22);
 196   1      
 197   1        LCD_WR_REG(0xBE);     
 198   1        LCD_WR_DATA8(0x11); 
 199   1      
 200   1        LCD_WR_REG(0xE1);     
 201   1        LCD_WR_DATA8(0x10);
 202   1        LCD_WR_DATA8(0x0E);
 203   1      
 204   1        LCD_WR_REG(0xDF);     
 205   1        LCD_WR_DATA8(0x21);
 206   1        LCD_WR_DATA8(0x0c);
 207   1        LCD_WR_DATA8(0x02);
 208   1      
 209   1        LCD_WR_REG(0xF0);   
 210   1        LCD_WR_DATA8(0x45);
 211   1        LCD_WR_DATA8(0x09);
 212   1        LCD_WR_DATA8(0x08);
 213   1        LCD_WR_DATA8(0x08);
 214   1        LCD_WR_DATA8(0x26);
 215   1        LCD_WR_DATA8(0x2A);
 216   1      
 217   1        LCD_WR_REG(0xF1);    
 218   1        LCD_WR_DATA8(0x43);
 219   1        LCD_WR_DATA8(0x70);
 220   1        LCD_WR_DATA8(0x72);
 221   1        LCD_WR_DATA8(0x36);
 222   1        LCD_WR_DATA8(0x37);  
 223   1        LCD_WR_DATA8(0x6F);
 224   1      
 225   1      
 226   1        LCD_WR_REG(0xF2);   
 227   1        LCD_WR_DATA8(0x45);
 228   1        LCD_WR_DATA8(0x09);
 229   1        LCD_WR_DATA8(0x08);
 230   1        LCD_WR_DATA8(0x08);
 231   1        LCD_WR_DATA8(0x26);
 232   1        LCD_WR_DATA8(0x2A);
 233   1      
 234   1        LCD_WR_REG(0xF3);   
 235   1        LCD_WR_DATA8(0x43);
 236   1        LCD_WR_DATA8(0x70);
 237   1        LCD_WR_DATA8(0x72);
 238   1        LCD_WR_DATA8(0x36);
 239   1        LCD_WR_DATA8(0x37); 
 240   1        LCD_WR_DATA8(0x6F);
C51 COMPILER V9.59.0.0   LCD_INIT                                                          07/26/2022 11:58:31 PAGE 5   

 241   1      
 242   1        LCD_WR_REG(0xED); 
 243   1        LCD_WR_DATA8(0x1B); 
 244   1        LCD_WR_DATA8(0x0B); 
 245   1      
 246   1        LCD_WR_REG(0xAE);     
 247   1        LCD_WR_DATA8(0x77);
 248   1        
 249   1        LCD_WR_REG(0xCD);     
 250   1        LCD_WR_DATA8(0x63);   
 251   1      
 252   1      
 253   1        LCD_WR_REG(0x70);     
 254   1        LCD_WR_DATA8(0x07);
 255   1        LCD_WR_DATA8(0x07);
 256   1        LCD_WR_DATA8(0x04);
 257   1        LCD_WR_DATA8(0x0E); 
 258   1        LCD_WR_DATA8(0x0F); 
 259   1        LCD_WR_DATA8(0x09);
 260   1        LCD_WR_DATA8(0x07);
 261   1        LCD_WR_DATA8(0x08);
 262   1        LCD_WR_DATA8(0x03);
 263   1      
 264   1        LCD_WR_REG(0xE8);     
 265   1        LCD_WR_DATA8(0x34);
 266   1      
 267   1        LCD_WR_REG(0x62);     
 268   1        LCD_WR_DATA8(0x18);
 269   1        LCD_WR_DATA8(0x0D);
 270   1        LCD_WR_DATA8(0x71);
 271   1        LCD_WR_DATA8(0xED);
 272   1        LCD_WR_DATA8(0x70); 
 273   1        LCD_WR_DATA8(0x70);
 274   1        LCD_WR_DATA8(0x18);
 275   1        LCD_WR_DATA8(0x0F);
 276   1        LCD_WR_DATA8(0x71);
 277   1        LCD_WR_DATA8(0xEF);
 278   1        LCD_WR_DATA8(0x70); 
 279   1        LCD_WR_DATA8(0x70);
 280   1      
 281   1        LCD_WR_REG(0x63);     
 282   1        LCD_WR_DATA8(0x18);
 283   1        LCD_WR_DATA8(0x11);
 284   1        LCD_WR_DATA8(0x71);
 285   1        LCD_WR_DATA8(0xF1);
 286   1        LCD_WR_DATA8(0x70); 
 287   1        LCD_WR_DATA8(0x70);
 288   1        LCD_WR_DATA8(0x18);
 289   1        LCD_WR_DATA8(0x13);
 290   1        LCD_WR_DATA8(0x71);
 291   1        LCD_WR_DATA8(0xF3);
 292   1        LCD_WR_DATA8(0x70); 
 293   1        LCD_WR_DATA8(0x70);
 294   1      
 295   1        LCD_WR_REG(0x64);     
 296   1        LCD_WR_DATA8(0x28);
 297   1        LCD_WR_DATA8(0x29);
 298   1        LCD_WR_DATA8(0xF1);
 299   1        LCD_WR_DATA8(0x01);
 300   1        LCD_WR_DATA8(0xF1);
 301   1        LCD_WR_DATA8(0x00);
 302   1        LCD_WR_DATA8(0x07);
C51 COMPILER V9.59.0.0   LCD_INIT                                                          07/26/2022 11:58:31 PAGE 6   

 303   1      
 304   1        LCD_WR_REG(0x66);     
 305   1        LCD_WR_DATA8(0x3C);
 306   1        LCD_WR_DATA8(0x00);
 307   1        LCD_WR_DATA8(0xCD);
 308   1        LCD_WR_DATA8(0x67);
 309   1        LCD_WR_DATA8(0x45);
 310   1        LCD_WR_DATA8(0x45);
 311   1        LCD_WR_DATA8(0x10);
 312   1        LCD_WR_DATA8(0x00);
 313   1        LCD_WR_DATA8(0x00);
 314   1        LCD_WR_DATA8(0x00);
 315   1      
 316   1        LCD_WR_REG(0x67);     
 317   1        LCD_WR_DATA8(0x00);
 318   1        LCD_WR_DATA8(0x3C);
 319   1        LCD_WR_DATA8(0x00);
 320   1        LCD_WR_DATA8(0x00);
 321   1        LCD_WR_DATA8(0x00);
 322   1        LCD_WR_DATA8(0x01);
 323   1        LCD_WR_DATA8(0x54);
 324   1        LCD_WR_DATA8(0x10);
 325   1        LCD_WR_DATA8(0x32);
 326   1        LCD_WR_DATA8(0x98);
 327   1      
 328   1        LCD_WR_REG(0x74);     
 329   1        LCD_WR_DATA8(0x10); 
 330   1        LCD_WR_DATA8(0x85); 
 331   1        LCD_WR_DATA8(0x80);
 332   1        LCD_WR_DATA8(0x00); 
 333   1        LCD_WR_DATA8(0x00); 
 334   1        LCD_WR_DATA8(0x4E);
 335   1        LCD_WR_DATA8(0x00);         
 336   1        
 337   1        LCD_WR_REG(0x98);     
 338   1        LCD_WR_DATA8(0x3e);
 339   1        LCD_WR_DATA8(0x07);
 340   1      
 341   1        LCD_WR_REG(0x35); 
 342   1        LCD_WR_REG(0x21);
 343   1      
 344   1        LCD_WR_REG(0x11);
 345   1        delay_ms(120);
 346   1        LCD_WR_REG(0x29);
 347   1        delay_ms(20);
 348   1      } 
 349          
 350          
 351          
 352          
 353          
 354          
 355          
 356          


MODULE INFORMATION:   STATIC OVERLAYABLE
   CODE SIZE        =   1052    ----
   CONSTANT SIZE    =   ----    ----
   XDATA SIZE       =   ----       8
   PDATA SIZE       =   ----    ----
   DATA SIZE        =   ----    ----
C51 COMPILER V9.59.0.0   LCD_INIT                                                          07/26/2022 11:58:31 PAGE 7   

   IDATA SIZE       =   ----    ----
   BIT SIZE         =   ----    ----
END OF MODULE INFORMATION.


C51 COMPILATION COMPLETE.  0 WARNING(S),  0 ERROR(S)
